* installing *source* package 'RoME' ...
** using staged installation
** R
** data
*** moving datasets to lazyload DB
** byte-compile and prepare package for lazy loading
Warning messages:
1: package 'timeDate' was built under R version 3.6.2 
2: package 'MEDITS' was built under R version 3.6.3 
** help
Warning: bad markup (extra space?) at RoME.Rd:29:20
*** installing help indices
*** copying figures
** building package indices
** testing if installed package can be loaded from temporary location
*** arch - i386
Warning: package 'timeDate' was built under R version 3.6.2
Warning: package 'MEDITS' was built under R version 3.6.3
*** arch - x64
Warning: package 'timeDate' was built under R version 3.6.2
Warning: package 'MEDITS' was built under R version 3.6.3
** testing if installed package can be loaded from final location
*** arch - i386
Warning: package 'timeDate' was built under R version 3.6.2
Warning: package 'MEDITS' was built under R version 3.6.3
*** arch - x64
Warning: package 'timeDate' was built under R version 3.6.2
Warning: package 'MEDITS' was built under R version 3.6.3
** testing if installed package keeps a record of temporary installation path
* DONE (RoME)
